info: ::1 - - [26/Jul/2022:15:13:26 +0000] "GET /api/v1/ HTTP/1.1" 200 9 "-" "Mozilla/5.0 (Windows NT 10.0; Win64; x64) AppleWebKit/537.36 (KHTML, like Gecko) Chrome/103.0.5060.134 Safari/537.36 Edg/103.0.1264.71"

info: ::1 - - [26/Jul/2022:15:13:45 +0000] "GET /api/v1/ HTTP/1.1" 304 - "-" "Mozilla/5.0 (Windows NT 10.0; Win64; x64) AppleWebKit/537.36 (KHTML, like Gecko) Chrome/103.0.5060.134 Safari/537.36 Edg/103.0.1264.71"

info: ::1 - - [26/Jul/2022:15:13:45 +0000] "GET /api/v1/ HTTP/1.1" 304 - "-" "Mozilla/5.0 (Windows NT 10.0; Win64; x64) AppleWebKit/537.36 (KHTML, like Gecko) Chrome/103.0.5060.134 Safari/537.36 Edg/103.0.1264.71"

info: ::1 - - [26/Jul/2022:15:13:51 +0000] "GET /favicon.ico HTTP/1.1" 404 47 "-" "Mozilla/5.0 (Windows NT 10.0; Win64; x64) AppleWebKit/537.36 (KHTML, like Gecko) Chrome/103.0.5060.134 Safari/537.36 Edg/103.0.1264.71"

info: ::1 - - [26/Jul/2022:15:13:51 +0000] "GET /favicon.ico HTTP/1.1" 404 47 "-" "Mozilla/5.0 (Windows NT 10.0; Win64; x64) AppleWebKit/537.36 (KHTML, like Gecko) Chrome/103.0.5060.134 Safari/537.36 Edg/103.0.1264.71"

info: ::1 - - [26/Jul/2022:15:13:51 +0000] "GET /favicon.ico HTTP/1.1" 404 47 "-" "Mozilla/5.0 (Windows NT 10.0; Win64; x64) AppleWebKit/537.36 (KHTML, like Gecko) Chrome/103.0.5060.134 Safari/537.36 Edg/103.0.1264.71"

info: ::1 - - [26/Jul/2022:15:17:33 +0000] "POST /api/v1/users HTTP/1.1" 201 178 "-" "PostmanRuntime/7.29.2"

info: ::1 - - [26/Jul/2022:15:34:58 +0000] "GET /api/v1/ HTTP/1.1" 304 - "-" "Mozilla/5.0 (Windows NT 10.0; Win64; x64) AppleWebKit/537.36 (KHTML, like Gecko) Chrome/103.0.5060.134 Safari/537.36 Edg/103.0.1264.71"

info: ::1 - - [26/Jul/2022:15:35:10 +0000] "POST /api/v1/users HTTP/1.1" 201 178 "-" "PostmanRuntime/7.29.2"

info: ::1 - - [26/Jul/2022:15:47:07 +0000] "GET /api/v1/ HTTP/1.1" 304 - "-" "Mozilla/5.0 (Windows NT 10.0; Win64; x64) AppleWebKit/537.36 (KHTML, like Gecko) Chrome/103.0.5060.134 Safari/537.36 Edg/103.0.1264.71"

info: ::1 - - [26/Jul/2022:15:47:16 +0000] "POST /api/v1/users HTTP/1.1" 500 62 "-" "PostmanRuntime/7.29.2"

info: ::1 - - [26/Jul/2022:15:49:59 +0000] "POST /api/v1/users HTTP/1.1" 500 62 "-" "PostmanRuntime/7.29.2"

info: ::1 - - [26/Jul/2022:15:52:38 +0000] "POST /api/v1/users HTTP/1.1" 500 59 "-" "PostmanRuntime/7.29.2"

info: ::1 - - [26/Jul/2022:15:53:15 +0000] "GET /api/v1/ HTTP/1.1" 304 - "-" "Mozilla/5.0 (Windows NT 10.0; Win64; x64) AppleWebKit/537.36 (KHTML, like Gecko) Chrome/103.0.5060.134 Safari/537.36 Edg/103.0.1264.71"

info: ::1 - - [26/Jul/2022:15:53:21 +0000] "POST /api/v1/users HTTP/1.1" 500 59 "-" "PostmanRuntime/7.29.2"

info: ::1 - - [26/Jul/2022:15:53:29 +0000] "POST /api/v1/users HTTP/1.1" 500 59 "-" "PostmanRuntime/7.29.2"

info: ::1 - - [26/Jul/2022:15:54:25 +0000] "POST /api/v1/users HTTP/1.1" 500 59 "-" "PostmanRuntime/7.29.2"

info: ::1 - - [26/Jul/2022:16:38:57 +0000] "GET /api/v1/ HTTP/1.1" 304 - "-" "Mozilla/5.0 (Windows NT 10.0; Win64; x64) AppleWebKit/537.36 (KHTML, like Gecko) Chrome/103.0.5060.134 Safari/537.36 Edg/103.0.1264.71"

info: ::1 - - [26/Jul/2022:16:39:14 +0000] "POST /api/v1/users HTTP/1.1" 500 59 "-" "PostmanRuntime/7.29.2"

info: ::1 - - [26/Jul/2022:16:39:51 +0000] "POST /api/v1/users HTTP/1.1" 201 121 "-" "PostmanRuntime/7.29.2"

info: ::1 - - [26/Jul/2022:16:41:15 +0000] "POST /api/v1/users HTTP/1.1" 201 120 "-" "PostmanRuntime/7.29.2"

info: ::1 - - [26/Jul/2022:16:42:39 +0000] "PUT /api/v1/users/62e0192bd5f80f332c097b5e HTTP/1.1" 202 120 "-" "PostmanRuntime/7.29.2"

info: ::1 - - [26/Jul/2022:16:43:00 +0000] "PUT /api/v1/users/62e0192bd5f80f332c097b5e HTTP/1.1" 202 120 "-" "PostmanRuntime/7.29.2"

