info: Server started at http://localhost:3000/api/v1/ {"timestamp":"2022-07-26T15:12:13.626Z"}
info: Connected to the database. {"timestamp":"2022-07-26T15:12:16.806Z"}
info: Server started at http://localhost:3000/api/v1/ {"timestamp":"2022-07-26T15:34:49.373Z"}
info: Connected to the database. {"timestamp":"2022-07-26T15:34:50.429Z"}
info: Server started at http://localhost:3000/api/v1/ {"timestamp":"2022-07-26T15:46:59.039Z"}
info: Connected to the database. {"timestamp":"2022-07-26T15:46:59.195Z"}
error: 
    status - 500 
    message - ValidationError: "lastname" is not allowed 
    url - /api/v1/users 
    method - POST 
    IP - ::1
   {"timestamp":"2022-07-26T15:47:15.976Z"}
error: 
    status - 500 
    message - ValidationError: "lastname" is not allowed 
    url - /api/v1/users 
    method - POST 
    IP - ::1
   {"timestamp":"2022-07-26T15:49:59.132Z"}
info: Server started at http://localhost:3000/api/v1/ {"timestamp":"2022-07-26T15:51:06.530Z"}
info: Connected to the database. {"timestamp":"2022-07-26T15:51:06.595Z"}
error: 
    status - 500 
    message - ValidationError: "password" is required 
    url - /api/v1/users 
    method - POST 
    IP - ::1
   {"timestamp":"2022-07-26T15:52:38.517Z"}
info: Server started at http://localhost:3000/api/v1/ {"timestamp":"2022-07-26T15:53:07.846Z"}
info: Connected to the database. {"timestamp":"2022-07-26T15:53:08.014Z"}
error: 
    status - 500 
    message - ValidationError: "password" is required 
    url - /api/v1/users 
    method - POST 
    IP - ::1
   {"timestamp":"2022-07-26T15:53:21.817Z"}
error: 
    status - 500 
    message - ValidationError: "password" is required 
    url - /api/v1/users 
    method - POST 
    IP - ::1
   {"timestamp":"2022-07-26T15:53:29.771Z"}
error: 
    status - 500 
    message - ValidationError: "password" is required 
    url - /api/v1/users 
    method - POST 
    IP - ::1
   {"timestamp":"2022-07-26T15:54:25.402Z"}
info: Server started at http://localhost:3000/api/v1/ {"timestamp":"2022-07-26T15:55:12.206Z"}
info: Connected to the database. {"timestamp":"2022-07-26T15:55:12.297Z"}
info: Server started at http://localhost:3000/api/v1/ {"timestamp":"2022-07-26T15:56:37.711Z"}
info: Connected to the database. {"timestamp":"2022-07-26T15:56:37.788Z"}
info: Server started at http://localhost:3000/api/v1/ {"timestamp":"2022-07-26T16:38:46.433Z"}
info: Connected to the database. {"timestamp":"2022-07-26T16:38:46.555Z"}
error: 
    status - 500 
    message - ValidationError: "password" is required 
    url - /api/v1/users 
    method - POST 
    IP - ::1
   {"timestamp":"2022-07-26T16:39:14.484Z"}
